2018-07-31 16:43:44.520 [restartedMain] INFO  com.shiro.shirodemo.Application -Starting Application on PC-20170831EGSA with PID 10060 (F:\LH\project\springboot+vue+shiro\shirodemo\target\classes started by Administrator in F:\LH\project\springboot+vue+shiro\shirodemo)
2018-07-31 16:43:44.523 [restartedMain] INFO  com.shiro.shirodemo.Application -The following profiles are active: dev
2018-07-31 16:43:44.659 [restartedMain] INFO  o.s.b.c.e.AnnotationConfigEmbeddedWebApplicationContext -Refreshing org.springframework.boot.context.embedded.AnnotationConfigEmbeddedWebApplicationContext@8286d4d: startup date [Tue Jul 31 16:43:44 CST 2018]; root of context hierarchy
2018-07-31 16:43:46.567 [restartedMain] INFO  c.s.shirodemo.config.MybatisConfig -=========================== 注入druid =============================
2018-07-31 16:43:46.684 [restartedMain] INFO  o.s.c.s.PostProcessorRegistrationDelegate$BeanPostProcessorChecker -Bean 'druidDataSource' of type [com.alibaba.druid.pool.DruidDataSource] is not eligible for getting processed by all BeanPostProcessors (for example: not eligible for auto-proxying)
2018-07-31 16:43:46.825 [restartedMain] INFO  o.s.c.s.PostProcessorRegistrationDelegate$BeanPostProcessorChecker -Bean 'mybatis-org.mybatis.spring.boot.autoconfigure.MybatisProperties' of type [org.mybatis.spring.boot.autoconfigure.MybatisProperties] is not eligible for getting processed by all BeanPostProcessors (for example: not eligible for auto-proxying)
2018-07-31 16:43:46.841 [restartedMain] INFO  o.s.c.s.PostProcessorRegistrationDelegate$BeanPostProcessorChecker -Bean 'paginationInterceptor' of type [com.baomidou.mybatisplus.plugins.PaginationInterceptor] is not eligible for getting processed by all BeanPostProcessors (for example: not eligible for auto-proxying)
2018-07-31 16:43:46.850 [restartedMain] INFO  o.s.c.s.PostProcessorRegistrationDelegate$BeanPostProcessorChecker -Bean 'mybatisConfig' of type [com.shiro.shirodemo.config.MybatisConfig$$EnhancerBySpringCGLIB$$93a68803] is not eligible for getting processed by all BeanPostProcessors (for example: not eligible for auto-proxying)
2018-07-31 16:43:47.003 [restartedMain] INFO  o.s.c.s.PostProcessorRegistrationDelegate$BeanPostProcessorChecker -Bean 'org.springframework.transaction.annotation.ProxyTransactionManagementConfiguration' of type [org.springframework.transaction.annotation.ProxyTransactionManagementConfiguration$$EnhancerBySpringCGLIB$$e1aecc91] is not eligible for getting processed by all BeanPostProcessors (for example: not eligible for auto-proxying)
2018-07-31 16:43:47.274 [restartedMain] INFO  o.s.c.s.PostProcessorRegistrationDelegate$BeanPostProcessorChecker -Bean 'shiroConfig' of type [com.shiro.shirodemo.config.ShiroConfig$$EnhancerBySpringCGLIB$$44dfbd61] is not eligible for getting processed by all BeanPostProcessors (for example: not eligible for auto-proxying)
2018-07-31 16:43:47.295 [restartedMain] INFO  c.shiro.shirodemo.config.ShiroConfig -========================shiro已经加载======================
2018-07-31 16:43:47.651 [restartedMain] INFO  o.s.c.s.PostProcessorRegistrationDelegate$BeanPostProcessorChecker -Bean 'credentialsMatcher' of type [com.shiro.shirodemo.shiro.CredentialsMatcher] is not eligible for getting processed by all BeanPostProcessors (for example: not eligible for auto-proxying)
2018-07-31 16:43:48.162 [restartedMain] INFO  c.alibaba.druid.pool.DruidDataSource -{dataSource-1} inited
2018-07-31 16:43:48.516 [restartedMain] INFO  o.s.c.s.PostProcessorRegistrationDelegate$BeanPostProcessorChecker -Bean 'mybatisSqlSessionFactoryBean' of type [com.baomidou.mybatisplus.spring.MybatisSqlSessionFactoryBean] is not eligible for getting processed by all BeanPostProcessors (for example: not eligible for auto-proxying)
2018-07-31 16:43:48.533 [restartedMain] INFO  o.s.c.s.PostProcessorRegistrationDelegate$BeanPostProcessorChecker -Bean 'mybatisSqlSessionFactoryBean' of type [org.apache.ibatis.session.defaults.DefaultSqlSessionFactory] is not eligible for getting processed by all BeanPostProcessors (for example: not eligible for auto-proxying)
2018-07-31 16:43:48.549 [restartedMain] INFO  o.s.c.s.PostProcessorRegistrationDelegate$BeanPostProcessorChecker -Bean 'org.mybatis.spring.boot.autoconfigure.MybatisAutoConfiguration' of type [org.mybatis.spring.boot.autoconfigure.MybatisAutoConfiguration$$EnhancerBySpringCGLIB$$14831dc1] is not eligible for getting processed by all BeanPostProcessors (for example: not eligible for auto-proxying)
2018-07-31 16:43:48.609 [restartedMain] INFO  o.s.c.s.PostProcessorRegistrationDelegate$BeanPostProcessorChecker -Bean 'sqlSessionTemplate' of type [org.mybatis.spring.SqlSessionTemplate] is not eligible for getting processed by all BeanPostProcessors (for example: not eligible for auto-proxying)
2018-07-31 16:43:48.630 [restartedMain] INFO  o.s.c.s.PostProcessorRegistrationDelegate$BeanPostProcessorChecker -Bean 'userMapper' of type [org.mybatis.spring.mapper.MapperFactoryBean] is not eligible for getting processed by all BeanPostProcessors (for example: not eligible for auto-proxying)
2018-07-31 16:43:48.637 [restartedMain] INFO  o.s.c.s.PostProcessorRegistrationDelegate$BeanPostProcessorChecker -Bean 'userMapper' of type [com.sun.proxy.$Proxy80] is not eligible for getting processed by all BeanPostProcessors (for example: not eligible for auto-proxying)
2018-07-31 16:43:48.670 [restartedMain] INFO  o.s.c.s.PostProcessorRegistrationDelegate$BeanPostProcessorChecker -Bean 'userRoleMapper' of type [org.mybatis.spring.mapper.MapperFactoryBean] is not eligible for getting processed by all BeanPostProcessors (for example: not eligible for auto-proxying)
2018-07-31 16:43:48.672 [restartedMain] INFO  o.s.c.s.PostProcessorRegistrationDelegate$BeanPostProcessorChecker -Bean 'userRoleMapper' of type [com.sun.proxy.$Proxy82] is not eligible for getting processed by all BeanPostProcessors (for example: not eligible for auto-proxying)
2018-07-31 16:43:48.681 [restartedMain] INFO  o.s.c.s.PostProcessorRegistrationDelegate$BeanPostProcessorChecker -Bean 'userRoleServiceImpl' of type [com.shiro.shirodemo.service.ipml.UserRoleServiceImpl] is not eligible for getting processed by all BeanPostProcessors (for example: not eligible for auto-proxying)
2018-07-31 16:43:48.813 [restartedMain] INFO  o.s.c.s.PostProcessorRegistrationDelegate$BeanPostProcessorChecker -Bean 'loginLogMapper' of type [org.mybatis.spring.mapper.MapperFactoryBean] is not eligible for getting processed by all BeanPostProcessors (for example: not eligible for auto-proxying)
2018-07-31 16:43:48.815 [restartedMain] INFO  o.s.c.s.PostProcessorRegistrationDelegate$BeanPostProcessorChecker -Bean 'loginLogMapper' of type [com.sun.proxy.$Proxy83] is not eligible for getting processed by all BeanPostProcessors (for example: not eligible for auto-proxying)
2018-07-31 16:43:48.828 [restartedMain] INFO  o.s.c.s.PostProcessorRegistrationDelegate$BeanPostProcessorChecker -Bean 'loginLogServiceImpl' of type [com.shiro.shirodemo.service.ipml.LoginLogServiceImpl] is not eligible for getting processed by all BeanPostProcessors (for example: not eligible for auto-proxying)
2018-07-31 16:43:48.878 [restartedMain] INFO  o.s.c.s.PostProcessorRegistrationDelegate$BeanPostProcessorChecker -Bean 'rolePermissionMapper' of type [org.mybatis.spring.mapper.MapperFactoryBean] is not eligible for getting processed by all BeanPostProcessors (for example: not eligible for auto-proxying)
2018-07-31 16:43:48.880 [restartedMain] INFO  o.s.c.s.PostProcessorRegistrationDelegate$BeanPostProcessorChecker -Bean 'rolePermissionMapper' of type [com.sun.proxy.$Proxy84] is not eligible for getting processed by all BeanPostProcessors (for example: not eligible for auto-proxying)
2018-07-31 16:43:48.891 [restartedMain] INFO  o.s.c.s.PostProcessorRegistrationDelegate$BeanPostProcessorChecker -Bean 'rolePermissionServiceImpl' of type [com.shiro.shirodemo.service.ipml.RolePermissionServiceImpl] is not eligible for getting processed by all BeanPostProcessors (for example: not eligible for auto-proxying)
2018-07-31 16:43:48.920 [restartedMain] INFO  o.s.c.s.PostProcessorRegistrationDelegate$BeanPostProcessorChecker -Bean 'userServiceImpl' of type [com.shiro.shirodemo.service.ipml.UserServiceImpl] is not eligible for getting processed by all BeanPostProcessors (for example: not eligible for auto-proxying)
2018-07-31 16:43:48.951 [restartedMain] INFO  o.s.c.s.PostProcessorRegistrationDelegate$BeanPostProcessorChecker -Bean 'authRealm' of type [com.shiro.shirodemo.shiro.AuthRealm] is not eligible for getting processed by all BeanPostProcessors (for example: not eligible for auto-proxying)
2018-07-31 16:43:48.995 [restartedMain] INFO  o.s.c.s.PostProcessorRegistrationDelegate$BeanPostProcessorChecker -Bean 'securityManager' of type [org.apache.shiro.web.mgt.DefaultWebSecurityManager] is not eligible for getting processed by all BeanPostProcessors (for example: not eligible for auto-proxying)
2018-07-31 16:43:49.043 [restartedMain] INFO  o.s.c.s.PostProcessorRegistrationDelegate$BeanPostProcessorChecker -Bean 'authorizationAttributeSourceAdvisor' of type [org.apache.shiro.spring.security.interceptor.AuthorizationAttributeSourceAdvisor] is not eligible for getting processed by all BeanPostProcessors (for example: not eligible for auto-proxying)
2018-07-31 16:43:49.046 [restartedMain] INFO  c.shiro.shirodemo.config.ShiroConfig -====================== shrio拦截器工厂注入开始 =====================
2018-07-31 16:43:49.046 [restartedMain] INFO  c.shiro.shirodemo.config.ShiroConfig -====================== shrio拦截器工厂注入成功 =====================
2018-07-31 16:43:49.840 [restartedMain] INFO  o.s.b.c.e.t.TomcatEmbeddedServletContainer -Tomcat initialized with port(s): 8089 (http)
2018-07-31 16:43:49.852 [restartedMain] INFO  o.a.catalina.core.StandardService -Starting service [Tomcat]
2018-07-31 16:43:49.854 [restartedMain] INFO  o.a.catalina.core.StandardEngine -Starting Servlet Engine: Apache Tomcat/8.5.23
2018-07-31 16:43:50.025 [localhost-startStop-1] INFO  o.a.c.c.C.[Tomcat].[localhost].[/] -Initializing Spring embedded WebApplicationContext
2018-07-31 16:43:50.026 [localhost-startStop-1] INFO  o.s.web.context.ContextLoader -Root WebApplicationContext: initialization completed in 5367 ms
2018-07-31 16:43:50.338 [localhost-startStop-1] INFO  o.s.b.w.s.ServletRegistrationBean -Mapping servlet: 'dispatcherServlet' to [/]
2018-07-31 16:43:50.343 [localhost-startStop-1] INFO  o.s.b.w.s.FilterRegistrationBean -Mapping filter: 'characterEncodingFilter' to: [/*]
2018-07-31 16:43:50.343 [localhost-startStop-1] INFO  o.s.b.w.s.FilterRegistrationBean -Mapping filter: 'hiddenHttpMethodFilter' to: [/*]
2018-07-31 16:43:50.344 [localhost-startStop-1] INFO  o.s.b.w.s.FilterRegistrationBean -Mapping filter: 'httpPutFormContentFilter' to: [/*]
2018-07-31 16:43:50.344 [localhost-startStop-1] INFO  o.s.b.w.s.FilterRegistrationBean -Mapping filter: 'requestContextFilter' to: [/*]
2018-07-31 16:43:50.345 [localhost-startStop-1] INFO  o.s.b.w.s.FilterRegistrationBean -Mapping filter: 'corsFilter' to: [/*]
2018-07-31 16:43:50.346 [localhost-startStop-1] INFO  o.s.b.w.s.FilterRegistrationBean -Mapping filter: 'shiroFilterFactoryBean' to: [/*]
2018-07-31 16:43:51.474 [restartedMain] INFO  o.s.w.s.m.m.a.RequestMappingHandlerAdapter -Looking for @ControllerAdvice: org.springframework.boot.context.embedded.AnnotationConfigEmbeddedWebApplicationContext@8286d4d: startup date [Tue Jul 31 16:43:44 CST 2018]; root of context hierarchy
2018-07-31 16:43:51.586 [restartedMain] INFO  o.s.w.s.m.m.a.RequestMappingHandlerMapping -Mapped "{[/LoginApi/v1/loginOut],methods=[GET]}" onto public java.lang.Object com.shiro.shirodemo.api.LoginApi.logout()
2018-07-31 16:43:51.589 [restartedMain] INFO  o.s.w.s.m.m.a.RequestMappingHandlerMapping -Mapped "{[/LoginApi/v1/login],methods=[POST]}" onto public java.lang.Object com.shiro.shirodemo.api.LoginApi.login(java.lang.String,java.lang.String,javax.servlet.http.HttpSession,javax.servlet.http.HttpServletRequest)
2018-07-31 16:43:51.591 [restartedMain] INFO  o.s.w.s.m.m.a.RequestMappingHandlerMapping -Mapped "{[/PermisApi/v1/addPermissions],methods=[POST]}" onto public java.lang.Object com.shiro.shirodemo.api.PermisApi.addPermissions(com.shiro.shirodemo.pojo.vo.PermisVo,org.springframework.validation.BindingResult)
2018-07-31 16:43:51.592 [restartedMain] INFO  o.s.w.s.m.m.a.RequestMappingHandlerMapping -Mapped "{[/PermisApi/v1/delPermis],methods=[POST]}" onto public java.lang.Object com.shiro.shirodemo.api.PermisApi.delPermis(com.shiro.shirodemo.pojo.dto.ParamsDto)
2018-07-31 16:43:51.593 [restartedMain] INFO  o.s.w.s.m.m.a.RequestMappingHandlerMapping -Mapped "{[/PermisApi/v1/findPermissionByPage],methods=[GET]}" onto public java.lang.Object com.shiro.shirodemo.api.PermisApi.findPermissionByPage(com.shiro.shirodemo.pojo.dto.ParamsDto)
2018-07-31 16:43:51.594 [restartedMain] INFO  o.s.w.s.m.m.a.RequestMappingHandlerMapping -Mapped "{[/PermisApi/v1/findLastPermissionByType],methods=[GET]}" onto public java.lang.Object com.shiro.shirodemo.api.PermisApi.findAllBasePermission(java.lang.String)
2018-07-31 16:43:51.594 [restartedMain] INFO  o.s.w.s.m.m.a.RequestMappingHandlerMapping -Mapped "{[/PermisApi/v1/findBasePermission],methods=[GET]}" onto public java.lang.Object com.shiro.shirodemo.api.PermisApi.findBasePermission()
2018-07-31 16:43:51.596 [restartedMain] INFO  o.s.w.s.m.m.a.RequestMappingHandlerMapping -Mapped "{[/RoleApi/v1/findRoleByPage],methods=[GET]}" onto public java.lang.Object com.shiro.shirodemo.api.RoleApi.findRoleByPage(com.shiro.shirodemo.pojo.dto.ParamsDto)
2018-07-31 16:43:51.597 [restartedMain] INFO  o.s.w.s.m.m.a.RequestMappingHandlerMapping -Mapped "{[/RoleApi/v1/addRoles],methods=[POST]}" onto public java.lang.Object com.shiro.shirodemo.api.RoleApi.addRoles(com.shiro.shirodemo.pojo.vo.RoleVo,org.springframework.validation.BindingResult)
2018-07-31 16:43:51.598 [restartedMain] INFO  o.s.w.s.m.m.a.RequestMappingHandlerMapping -Mapped "{[/RoleApi/v1/delRoles],methods=[POST]}" onto public java.lang.Object com.shiro.shirodemo.api.RoleApi.delRoles(com.shiro.shirodemo.pojo.dto.ParamsDto)
2018-07-31 16:43:51.598 [restartedMain] INFO  o.s.w.s.m.m.a.RequestMappingHandlerMapping -Mapped "{[/RoleApi/v1/addRolesPermis],methods=[POST]}" onto public java.lang.Object com.shiro.shirodemo.api.RoleApi.addRolesPermis(com.shiro.shirodemo.pojo.dto.RolePermisVo,org.springframework.validation.BindingResult)
2018-07-31 16:43:51.599 [restartedMain] INFO  o.s.w.s.m.m.a.RequestMappingHandlerMapping -Mapped "{[/RoleApi/v1/findAllRoles],methods=[GET]}" onto public java.lang.Object com.shiro.shirodemo.api.RoleApi.findAllRoles(com.shiro.shirodemo.pojo.dto.RolePermisVo,org.springframework.validation.BindingResult)
2018-07-31 16:43:51.599 [restartedMain] INFO  o.s.w.s.m.m.a.RequestMappingHandlerMapping -Mapped "{[/RoleApi/v1/findRolesPermisByRole],methods=[GET]}" onto public java.lang.Object com.shiro.shirodemo.api.RoleApi.findRolesPermisByRole(com.shiro.shirodemo.pojo.dto.ParamsDto)
2018-07-31 16:43:51.605 [restartedMain] INFO  o.s.w.s.m.m.a.RequestMappingHandlerMapping -Mapped "{[/SysApi/v1/findUserReqTotal],methods=[GET]}" onto public java.lang.Object com.shiro.shirodemo.api.SysApi.findUserReqTotal()
2018-07-31 16:43:51.605 [restartedMain] INFO  o.s.w.s.m.m.a.RequestMappingHandlerMapping -Mapped "{[/SysApi/v1/delAttributes],methods=[POST]}" onto public java.lang.Object com.shiro.shirodemo.api.SysApi.delAttributes(com.shiro.shirodemo.pojo.dto.ParamsDto)
2018-07-31 16:43:51.606 [restartedMain] INFO  o.s.w.s.m.m.a.RequestMappingHandlerMapping -Mapped "{[/SysApi/v1/addAttributes],methods=[POST]}" onto public java.lang.Object com.shiro.shirodemo.api.SysApi.addAttributes(com.shiro.shirodemo.entity.Attribute,org.springframework.validation.BindingResult)
2018-07-31 16:43:51.606 [restartedMain] INFO  o.s.w.s.m.m.a.RequestMappingHandlerMapping -Mapped "{[/SysApi/v1/findAttributesByPage],methods=[GET]}" onto public java.lang.Object com.shiro.shirodemo.api.SysApi.findAttributesByPage(com.shiro.shirodemo.pojo.dto.ParamsDto)
2018-07-31 16:43:51.607 [restartedMain] INFO  o.s.w.s.m.m.a.RequestMappingHandlerMapping -Mapped "{[/SysApi/v1/findAttributesDetailByPage],methods=[GET]}" onto public java.lang.Object com.shiro.shirodemo.api.SysApi.findAttributesDetailByPage(com.shiro.shirodemo.pojo.dto.ParamsDto)
2018-07-31 16:43:51.607 [restartedMain] INFO  o.s.w.s.m.m.a.RequestMappingHandlerMapping -Mapped "{[/SysApi/v1/addAttributeDetail],methods=[POST]}" onto public java.lang.Object com.shiro.shirodemo.api.SysApi.addAttributeDetail(com.shiro.shirodemo.pojo.vo.AttributeDetailVo,org.springframework.validation.BindingResult)
2018-07-31 16:43:51.608 [restartedMain] INFO  o.s.w.s.m.m.a.RequestMappingHandlerMapping -Mapped "{[/SysApi/v1/delAttributeDetails],methods=[POST]}" onto public java.lang.Object com.shiro.shirodemo.api.SysApi.delAttributeDetails(com.shiro.shirodemo.pojo.dto.ParamsDto)
2018-07-31 16:43:51.608 [restartedMain] INFO  o.s.w.s.m.m.a.RequestMappingHandlerMapping -Mapped "{[/SysApi/v1/findAttributeDetailByAttrId],methods=[GET]}" onto public java.lang.Object com.shiro.shirodemo.api.SysApi.selAttributeDetailsByAttrId(com.shiro.shirodemo.pojo.dto.ParamsDto)
2018-07-31 16:43:51.608 [restartedMain] INFO  o.s.w.s.m.m.a.RequestMappingHandlerMapping -Mapped "{[/SysApi/v1/findOperatingRecordByPage],methods=[GET]}" onto public java.lang.Object com.shiro.shirodemo.api.SysApi.findOperatingRecordByPage(com.shiro.shirodemo.pojo.dto.ParamsDto)
2018-07-31 16:43:51.609 [restartedMain] INFO  o.s.w.s.m.m.a.RequestMappingHandlerMapping -Mapped "{[/SysApi/v1/findUserLoginLogByPage],methods=[GET]}" onto public java.lang.Object com.shiro.shirodemo.api.SysApi.findUserLoginLogByPage(com.shiro.shirodemo.pojo.dto.ParamsDto)
2018-07-31 16:43:51.609 [restartedMain] INFO  o.s.w.s.m.m.a.RequestMappingHandlerMapping -Mapped "{[/SysApi/v1/findUserLoginTotal],methods=[GET]}" onto public java.lang.Object com.shiro.shirodemo.api.SysApi.findUserLoginTotal()
2018-07-31 16:43:51.611 [restartedMain] INFO  o.s.w.s.m.m.a.RequestMappingHandlerMapping -Mapped "{[/UserApi/v1/addUser],methods=[POST]}" onto public java.lang.Object com.shiro.shirodemo.api.UserApi.addUser(com.shiro.shirodemo.pojo.vo.UserVo,org.springframework.validation.BindingResult)
2018-07-31 16:43:51.611 [restartedMain] INFO  o.s.w.s.m.m.a.RequestMappingHandlerMapping -Mapped "{[/UserApi/v1/uploadHander],methods=[POST]}" onto public java.lang.String com.shiro.shirodemo.api.UserApi.uploadLogo(javax.servlet.http.HttpServletRequest)
2018-07-31 16:43:51.611 [restartedMain] INFO  o.s.w.s.m.m.a.RequestMappingHandlerMapping -Mapped "{[/UserApi/v1/upload]}" onto public java.lang.String com.shiro.shirodemo.api.UserApi.handleFileUpload(org.springframework.web.multipart.MultipartFile)
2018-07-31 16:43:51.612 [restartedMain] INFO  o.s.w.s.m.m.a.RequestMappingHandlerMapping -Mapped "{[/UserApi/v1/findUserByPage],methods=[GET]}" onto public java.lang.Object com.shiro.shirodemo.api.UserApi.findUserByPage(com.shiro.shirodemo.pojo.dto.ParamsDto)
2018-07-31 16:43:51.612 [restartedMain] INFO  o.s.w.s.m.m.a.RequestMappingHandlerMapping -Mapped "{[/UserApi/v1/delUsers],methods=[POST]}" onto public java.lang.Object com.shiro.shirodemo.api.UserApi.delUsers(com.shiro.shirodemo.pojo.dto.ParamsDto)
2018-07-31 16:43:51.612 [restartedMain] INFO  o.s.w.s.m.m.a.RequestMappingHandlerMapping -Mapped "{[/UserApi/v1/editUserStatus],methods=[POST]}" onto public java.lang.Object com.shiro.shirodemo.api.UserApi.editUserStatus(com.shiro.shirodemo.pojo.dto.ParamsDto)
2018-07-31 16:43:51.613 [restartedMain] INFO  o.s.w.s.m.m.a.RequestMappingHandlerMapping -Mapped "{[/UserApi/v1/editUserInfo],methods=[POST]}" onto public java.lang.Object com.shiro.shirodemo.api.UserApi.editUserInfo(com.shiro.shirodemo.pojo.vo.UserInfoVo)
2018-07-31 16:43:51.616 [restartedMain] INFO  o.s.w.s.m.m.a.RequestMappingHandlerMapping -Mapped "{[/error]}" onto public org.springframework.http.ResponseEntity<java.util.Map<java.lang.String, java.lang.Object>> org.springframework.boot.autoconfigure.web.BasicErrorController.error(javax.servlet.http.HttpServletRequest)
2018-07-31 16:43:51.616 [restartedMain] INFO  o.s.w.s.m.m.a.RequestMappingHandlerMapping -Mapped "{[/error],produces=[text/html]}" onto public org.springframework.web.servlet.ModelAndView org.springframework.boot.autoconfigure.web.BasicErrorController.errorHtml(javax.servlet.http.HttpServletRequest,javax.servlet.http.HttpServletResponse)
2018-07-31 16:43:51.725 [restartedMain] INFO  o.s.w.s.h.SimpleUrlHandlerMapping -Mapped URL path [/webjars/**] onto handler of type [class org.springframework.web.servlet.resource.ResourceHttpRequestHandler]
2018-07-31 16:43:51.725 [restartedMain] INFO  o.s.w.s.h.SimpleUrlHandlerMapping -Mapped URL path [/**] onto handler of type [class org.springframework.web.servlet.resource.ResourceHttpRequestHandler]
2018-07-31 16:43:51.763 [restartedMain] INFO  o.s.w.s.m.m.a.ExceptionHandlerExceptionResolver -Detected @ExceptionHandler methods in exceptionHandle
2018-07-31 16:43:51.815 [restartedMain] INFO  o.s.w.s.h.SimpleUrlHandlerMapping -Mapped URL path [/**/favicon.ico] onto handler of type [class org.springframework.web.servlet.resource.ResourceHttpRequestHandler]
2018-07-31 16:43:52.458 [restartedMain] INFO  o.s.b.d.a.OptionalLiveReloadServer -LiveReload server is running on port 35729
2018-07-31 16:43:52.542 [restartedMain] INFO  o.s.j.e.a.AnnotationMBeanExporter -Registering beans for JMX exposure on startup
2018-07-31 16:43:52.543 [restartedMain] INFO  o.s.j.e.a.AnnotationMBeanExporter -Bean with name 'druidDataSource' has been autodetected for JMX exposure
2018-07-31 16:43:52.549 [restartedMain] INFO  o.s.j.e.a.AnnotationMBeanExporter -Located MBean 'druidDataSource': registering with JMX server as MBean [com.alibaba.druid.pool:name=druidDataSource,type=DruidDataSource]
2018-07-31 16:43:52.636 [restartedMain] INFO  o.s.b.c.e.t.TomcatEmbeddedServletContainer -Tomcat started on port(s): 8089 (http)
2018-07-31 16:43:52.641 [restartedMain] INFO  com.shiro.shirodemo.Application -Started Application in 9.007 seconds (JVM running for 12.291)
